  display.cpp
  main.cpp
C:\Users\Nick\source\repos\WoodProject\WoodProject\display.h(5,10): error C1083:  Cannot open include file: 'SDL2/SDL.h': No such file or directory
  mesh.cpp
C:\Users\Nick\source\repos\WoodProject\WoodProject\main.cpp(2,10): error C1083:  Cannot open include file: 'SDL2/SDL.h': No such file or directory
  obj_loader.cpp
C:\Users\Nick\source\repos\WoodProject\WoodProject\mesh.h(4,10): error C1083:  Cannot open include file: 'GL/glew.h': No such file or directory
  RawDataProcessor.cpp
C:\Users\Nick\source\repos\WoodProject\WoodProject\obj_loader.h(4,10): error C1083:  Cannot open include file: 'glm/glm.hpp': No such file or directory
  render.cpp
C:\Program Files (x86)\Microsoft Visual Studio\2019\Community\VC\Tools\MSVC\14.21.27702\atlmfc\include\afx.h(24,1): error C1189:  #error:  Building MFC application with /MD[d] (CRT dll version) requires MFC shared dll version. Please #define _AFXDLL or do not use /MD[d]
  shader.cpp
C:\Users\Nick\source\repos\WoodProject\WoodProject\render.h(4,10): error C1083:  Cannot open include file: 'assimp/cimport.h': No such file or directory
  stdafx.cpp
C:\Users\Nick\source\repos\WoodProject\WoodProject\shader.h(5,10): error C1083:  Cannot open include file: 'GL/glew.h': No such file or directory
  texture.cpp
C:\Program Files (x86)\Microsoft Visual Studio\2019\Community\VC\Tools\MSVC\14.21.27702\atlmfc\include\afx.h(24,1): error C1189:  #error:  Building MFC application with /MD[d] (CRT dll version) requires MFC shared dll version. Please #define _AFXDLL or do not use /MD[d]
  texture3D.cpp
C:\Users\Nick\source\repos\WoodProject\WoodProject\texture.h(5,10): error C1083:  Cannot open include file: 'GL/glew.h': No such file or directory
  TranformationMgr.cpp
C:\Users\Nick\source\repos\WoodProject\WoodProject\texture3D.h(5,10): error C1083:  Cannot open include file: 'GL/glew.h': No such file or directory
C:\Program Files (x86)\Microsoft Visual Studio\2019\Community\VC\Tools\MSVC\14.21.27702\atlmfc\include\afx.h(24,1): error C1189:  #error:  Building MFC application with /MD[d] (CRT dll version) requires MFC shared dll version. Please #define _AFXDLL or do not use /MD[d]
