c:\users\nick\source\repos\woodproject\woodproject\debug\vc142.pdb
c:\users\nick\source\repos\woodproject\woodproject\debug\vc142.idb
c:\users\nick\source\repos\woodproject\woodproject\debug\tranformationmgr.obj
c:\users\nick\source\repos\woodproject\woodproject\debug\texture3d.obj
c:\users\nick\source\repos\woodproject\woodproject\debug\texture.obj
c:\users\nick\source\repos\woodproject\woodproject\debug\stdafx.obj
c:\users\nick\source\repos\woodproject\woodproject\debug\shader.obj
c:\users\nick\source\repos\woodproject\woodproject\debug\render.obj
c:\users\nick\source\repos\woodproject\woodproject\debug\rawdataprocessor.obj
c:\users\nick\source\repos\woodproject\woodproject\debug\obj_loader.obj
c:\users\nick\source\repos\woodproject\woodproject\debug\mesh.obj
c:\users\nick\source\repos\woodproject\woodproject\debug\main.obj
c:\users\nick\source\repos\woodproject\woodproject\debug\display.obj
c:\users\nick\source\repos\woodproject\woodproject\debug\texture.nativecodeanalysis.sarif
c:\users\nick\source\repos\woodproject\woodproject\debug\texture.nativecodeanalysis.xml
c:\users\nick\source\repos\woodproject\woodproject\debug\stb_image.obj
c:\users\nick\source\repos\woodproject\woodproject\debug\nativecodeanalysis.read.1.tlog
c:\users\nick\source\repos\woodproject\woodproject\debug\vc.nativecodeanalysis.all.xml
c:\users\nick\source\repos\woodproject\debug\woodproject.exe
c:\users\nick\source\repos\woodproject\debug\woodproject.exe.lastcodeanalysissucceeded
c:\users\nick\source\repos\woodproject\woodproject\debug\woodproject.tlog\cl.command.1.tlog
c:\users\nick\source\repos\woodproject\woodproject\debug\woodproject.tlog\cl.read.1.tlog
c:\users\nick\source\repos\woodproject\woodproject\debug\woodproject.tlog\cl.write.1.tlog
c:\users\nick\source\repos\woodproject\woodproject\debug\woodproject.tlog\link.command.1.tlog
c:\users\nick\source\repos\woodproject\woodproject\debug\woodproject.tlog\link.read.1.tlog
c:\users\nick\source\repos\woodproject\woodproject\debug\woodproject.tlog\link.write.1.tlog
